<?xml version="1.0" encoding="UTF-8"?>
<!-- Generated by org.testng.reporters.JUnitReportReporter -->
<testsuite hostname="SPK_Laptop" failures="0" tests="1" name="TestSuites.AllPages" time="16.289" errors="0" timestamp="2023-01-10T14:47:08 IST" skipped="0">
  <testcase classname="TestSuites.AllPages" name="testCases" time="16.289"/>
  <system-out/>
</testsuite> <!-- TestSuites.AllPages -->
